artifacts/icobra/android/app/proguard-rules.pro
# iCOBRA ProGuard Rules
# These rules are applied to the release build of the app.
# Add project specific ProGuard rules here.

# Keep source file names and line numbers for crash reports
-keepattributes SourceFile,LineNumberTable
-renamesourcefileattribute SourceFile

# Shizuku
-keep class rikka.shizuku.** { *; }
-keep interface rikka.shizuku.** { *; }
-keep class moe.shizuku.** { *; }

# React Native
-keep class com.facebook.react.** { *; }
-keep class com.facebook.hermes.** { *; }
-keep class com.facebook.jni.** { *; }
-dontwarn com.facebook.react.**
-dontwarn com.facebook.hermes.**

# AndroidX
-keep class androidx.** { *; }
-dontwarn androidx.**

# Kotlin
-keep class kotlin.** { *; }
-keep class kotlinx.** { *; }
-dontwarn kotlin.**
-dontwarn kotlinx.**

# Coroutines
-keepnames class kotlinx.coroutines.internal.MainDispatcherFactory {}
-keepnames class kotlinx.coroutines.CoroutineExceptionHandler {}
-keepclassmembers class kotlinx.coroutines.** { volatile <fields>; }

# Gson
-keep class com.google.gson.** { *; }
-keepattributes Signature
-keepattributes *Annotation*
-dontwarn com.google.gson.**

# OkHttp
-dontwarn okhttp3.**
-dontwarn okio.**
-keep class okhttp3.** { *; }
-keep interface okhttp3.** { *; }

# Retrofit
-keep class retrofit2.** { *; }
-keepattributes Exceptions
-dontwarn retrofit2.**

# iCOBRA models - keep all data classes
-keep class com.nexbytes.icobra.models.** { *; }
-keep class com.nexbytes.icobra.data.** { *; }

# Keep enums
-keepclassmembers enum * {
    public static **[] values();
    public static ** valueOf(java.lang.String);
}

# Keep Parcelable
-keep class * implements android.os.Parcelable {
    public static final android.os.Parcelable$Creator *;
}

# Keep Serializable
-keepclassmembers class * implements java.io.Serializable {
    static final long serialVersionUID;
    private static final java.io.ObjectStreamField[] serialPersistentFields;
    private void writeObject(java.io.ObjectOutputStream);
    private void readObject(java.io.ObjectInputStream);
    java.lang.Object writeReplace();
    java.lang.Object readResolve();
}

# Keep ViewBinding
-keep class * implements androidx.viewbinding.ViewBinding {
    public static ** inflate(android.view.LayoutInflater);
    public static ** inflate(android.view.LayoutInflater, android.view.ViewGroup, boolean);
    public static ** bind(android.view.View);
}

# Timber
-dontwarn org.jetbrains.annotations.**
-keep class timber.log.Timber { *; }

# Security Crypto
-keep class androidx.security.crypto.** { *; }

# WorkManager
-keep class * extends androidx.work.Worker
-keep class * extends androidx.work.InputMerger
-keep public class * extends androidx.work.ListenableWorker {
    public <init>(...);
}