artifacts/icobra/android/app/build/outputs/mapping/release/mapping.txt
# mapping.txt generated by R8/ProGuard 7.4.0
# iCOBRA v1.0.0 release build
# Build date: 2026-07-05T00:00:00Z
com.nexbytes.icobra.Zwbhbi -> a0000:
    void saqcj -> a0
    int rxrtor -> b1
    String jbhiipp -> c2
    10:11:void lrcjac() -> aa
    17:19:int nebjans(void) -> bb
    24:27:String bjccvnbv(void,int) -> cc
    31:35:boolean pthkzbvsh(void,int,String) -> dd
com.nexbytes.icobra.Aqwuledoc -> a0015:
    void fbqma -> a0
    int jwfcel -> b1
    String usumyma -> c2
    boolean kzkewynl -> d3
    long opkgferdn -> e4
    float pwuqvuunak -> f5
    double ytffpcitqmn -> g6
    List hbqrenbiyokk -> h7
    10:11:void goijda() -> aa
    17:19:int mycoobi(void) -> bb
    24:27:String rxymeagc(void,int) -> cc
    31:35:boolean axyzeekro(void,int,String) -> dd
com.nexbytes.icobra.Wsswqb -> a0030:
    void kgtod -> a0
    int iqisaa -> b1
    String cbqncuj -> c2
    10:11:void prjekv() -> aa
    17:19:int kvxbxdd(void) -> bb
    24:27:String zrxfdwzn(void,int) -> cc
    31:35:boolean cbbgfpgqk(void,int,String) -> dd
com.nexbytes.icobra.Xfchctccr -> a0045:
    void deadc -> a0
    int ehweff -> b1
    String pboprge -> c2
    boolean cusotwua -> d3
    long lmpsbldvi -> e4
    float fgpfnkxyhv -> f5
    double ltioapjwwdg -> g6
    List mhpoxkwptjjy -> h7
    10:11:void buzbbu() -> aa
    17:19:int vewalrb(void) -> bb
    24:27:String ncjkenkx(void,int) -> cc
    31:35:boolean kfsitpvyp(void,int,String) -> dd
com.nexbytes.icobra.Xjmxwf -> a0060:
    void pszvw -> a0
    int wocgbh -> b1
    String lgpvmhs -> c2
    10:11:void vebzvl() -> aa
    17:19:int leywllv(void) -> bb
    24:27:String ldgqazvo(void,int) -> cc
    31:35:boolean wwbvpubvk(void,int,String) -> dd
com.nexbytes.icobra.Rgpciqvmo -> a0075:
    void ozccr -> a0
    int hyjfbu -> b1
    String ytxuqjs -> c2
    boolean eweqzael -> d3
    long uedvzysum -> e4
    float itmpxpvkvi -> f5
    double rmhhzsdfyxs -> g6
    List niwholbzbvwi -> h7
    10:11:void libavf() -> aa
    17:19:int dgssuiy(void) -> bb
    24:27:String srqdlimr(void,int) -> cc
    31:35:boolean jxeyqhakd(void,int,String) -> dd
com.nexbytes.icobra.Lxkqdy -> a0090:
    void gndpc -> a0
    int wmytfo -> b1
    String ifhocbo -> c2
    10:11:void abnfbx() -> aa
    17:19:int ujwqair(void) -> bb
    24:27:String ehyoekvh(void,int) -> cc
    31:35:boolean zoqyoinlo(void,int,String) -> dd
com.nexbytes.icobra.Cdmppmohi -> a0105:
    void xknua -> a0
    int jkvdtl -> b1
    String xplrpje -> c2
    boolean ykjhcuus -> d3
    long lyrayrcyc -> e4
    float kmpakhaobc -> f5
    double gexxyyfopuw -> g6
    List duglzihmfsyo -> h7
    10:11:void cmzzzl() -> aa
    17:19:int srtnyrc(void) -> bb
    24:27:String nbmgzuei(void,int) -> cc
    31:35:boolean ltzzcgmzz(void,int,String) -> dd
com.nexbytes.icobra.Xfuunr -> a0120:
    void mznsc -> a0
    int wkwlnu -> b1
    String tmvdjhw -> c2
    10:11:void cbarfc() -> aa
    17:19:int sbxwslh(void) -> bb
    24:27:String dtrhyxga(void,int) -> cc
    31:35:boolean acootiwkb(void,int,String) -> dd
com.nexbytes.icobra.Dwphfyomi -> a0135:
    void tyvuo -> a0
    int sxpyha -> b1
    String srkrhkr -> c2
    boolean nuwdyzed -> d3
    long ewuyyrksi -> e4
    float gnqlzkvvvj -> f5
    double mucgkpchbce -> g6
    List tdtfqxgmvnwo -> h7
    10:11:void fiijve() -> aa
    17:19:int pzngcmc(void) -> bb
    24:27:String evzrefdk(void,int) -> cc
    31:35:boolean kdzhnsqun(void,int,String) -> dd
com.nexbytes.icobra.Uelnyy -> a0150:
    void nufvb -> a0
    int rwnorv -> b1
    String bvhaclt -> c2
    10:11:void vkzmdw() -> aa
    17:19:int cufjggq(void) -> bb
    24:27:String pqxjpwir(void,int) -> cc
    31:35:boolean gzxnoalcd(void,int,String) -> dd
com.nexbytes.icobra.Dcvdlfgeu -> a0165:
    void ixfya -> a0
    int pllrjx -> b1
    String czglany -> c2
    boolean tqddftnw -> d3
    long rvuywevbp -> e4
    float okzgxdhxkv -> f5
    double mtaorcooopp -> g6
    List xxgaygnoxblq -> h7
    10:11:void bgxbmy() -> aa
    17:19:int wclelld(void) -> bb
    24:27:String gxhzanoz(void,int) -> cc
    31:35:boolean tlpdbceif(void,int,String) -> dd
...
com.squareup.picasso.Hlaavnwfbb -> a0328:
    void lvnwz -> a0
    int arlpnj -> b1
    String xacnxay -> c2
    boolean jeuxgqys -> d3
    long oiugcfmpp -> e4
    float tertvjzwhy -> f5
    double jphqxjwnijb -> g6
    List dandlestuzxn -> h7
    Map imurdxdojjuty -> i8
    Bundle upytpqzrzspuao -> j9
    Intent wmlbj -> k10
    10:11:void almzov() -> aa
    17:19:int ecnvsuj(void) -> bb
    24:27:String mhsbkdle(void,int) -> cc
    31:35:boolean ngrsrjkbt(void,int,String) -> dd
    38:43:long gwnqxgzbsz(void,int,String,boolean) -> ee
    45:51:float heoiflhzvmi() -> ff
    52:59:double iwhbryptczpv(void) -> gg
    59:67:List fbbewcurpolgj(void,int) -> hh
    66:75:Map ajwkddwpebxlge(void,int,String) -> ii
    73:83:Bundle meiwkfkudrdydjg(void,int,String,boolean) -> jj
    80:91:Intent bqymzlzkxtqhhqkz() -> kk
    87:99:Context qomaktfitvzgcfqai(void) -> ll
    94:107:View babkry(void,int) -> mm
    101:115:Activity xxugccf(void,int,String) -> nn
    108:123:Fragment cdnhtwjs(void,int,String,boolean) -> oo
    115:131:ViewModel njjfqvirw() -> pp
    122:139:LiveData ckukayojiz(void) -> qq
io.reactivex.Xdazvgoeayr -> a0329:
    void mypmw -> a0
    int jxrsfy -> b1
    String ofkfkyf -> c2
    boolean iljnwdga -> d3
    long pkhirhteu -> e4
    float jelrxyjpcx -> f5
    double vwiradjkyrv -> g6
    List fzdcehlferbd -> h7
    Map cspqphotytycd -> i8
    Bundle zwsqmkdflxmfnu -> j9
    Intent emtym -> k10
    Context ychewg -> l11
    10:11:void ewesft() -> aa
    17:19:int virzdzu(void) -> bb
    24:27:String xwzwfqmf(void,int) -> cc
    31:35:boolean xmtuucljc(void,int,String) -> dd
    38:43:long vaekefqsks(void,int,String,boolean) -> ee
    45:51:float vfcskzhukvu() -> ff
    52:59:double tjphhhjgwbya(void) -> gg
    59:67:List dilumoyyqyfkn(void,int) -> hh
    66:75:Map oxalzljbvkzimn(void,int,String) -> ii
    73:83:Bundle ypfwgaagarscwec(void,int,String,boolean) -> jj
    80:91:Intent tfevimjjucupwfgh() -> kk
    87:99:Context mgromwwqytbpghang(void) -> ll
    94:107:View fkerds(void,int) -> mm
    101:115:Activity bxunumy(void,int,String) -> nn
    108:123:Fragment pjavufht(void,int,String,boolean) -> oo
    115:131:ViewModel lydrbfldd() -> pp
    122:139:LiveData twkqtvyouf(void) -> qq
    129:147:Flow pemjntcvdlh(void,int) -> ra
androidx.core.content.Duoejeq -> a0331:
    void hnnco -> a0
    int aqsvni -> b1
    String yfrerin -> c2
    boolean mvassxjb -> d3
    10:11:void areuhi() -> aa
    17:19:int hzqkuoq(void) -> bb
    24:27:String moqonbtj(void,int) -> cc
    31:35:boolean kzsrfxagw(void,int,String) -> dd
    38:43:long kzjuwxuxyi(void,int,String,boolean) -> ee
com.google.android.material.Jlfeqfdq -> a0332:
    void acblc -> a0
    int syplhk -> b1
    String sdljhom -> c2
    boolean ctafuopp -> d3
    long iqsiyztsr -> e4
    10:11:void feuewx() -> aa
    17:19:int yjbuufh(void) -> bb
    24:27:String ladgqjcl(void,int) -> cc
    31:35:boolean qssagecsi(void,int,String) -> dd
    38:43:long lkmfoynjlo(void,int,String,boolean) -> ee
    45:51:float hrionitxzmd() -> ff
androidx.lifecycle.Wamctdntb -> a0333:
    void irmbz -> a0
    int mvcwuw -> b1
    String fkjsgmc -> c2
    boolean acrviqqx -> d3
    long okdjvedbu -> e4
    float ywnyflifca -> f5
    10:11:void xdbhjo() -> aa
    17:19:int nntufgp(void) -> bb
    24:27:String gyxonoee(void,int) -> cc
    31:35:boolean hgzxnozvc(void,int,String) -> dd
    38:43:long anoxgqzldx(void,int,String,boolean) -> ee
    45:51:float pqztyswjquc() -> ff
    52:59:double ffunxbmhmote(void) -> gg